<?xml version="1.0" encoding="UTF-8"?>
<!-- Generated by org.testng.reporters.JUnitXMLReporter -->
<testsuite ignored="0" hostname="LAPTOP-4PCOUT3C" failures="0" tests="14" name="Default test" time="12.78" errors="0" timestamp="2024-03-30T06:37:59 CET">
  <testcase classname="api.test.DDTests" name="testPostUser" time="2.385"/>
  <testcase classname="api.test.DDTests" name="testPostUser" time="0.666"/>
  <testcase classname="api.test.DDTests" name="testPostUser" time="0.647"/>
  <testcase classname="api.test.DDTests" name="testPostUser" time="0.64"/>
  <testcase classname="api.test.DDTests" name="testPostUser" time="0.631"/>
  <testcase classname="api.test.DDTests" name="testPostUser" time="0.624"/>
  <testcase classname="api.test.DDTests" name="testPostUser" time="0.623"/>
  <testcase classname="api.test.DDTests" name="testDeleteUserByName" time="0.617"/>
  <testcase classname="api.test.DDTests" name="testDeleteUserByName" time="0.634"/>
  <testcase classname="api.test.DDTests" name="testDeleteUserByName" time="0.61"/>
  <testcase classname="api.test.DDTests" name="testDeleteUserByName" time="0.601"/>
  <testcase classname="api.test.DDTests" name="testDeleteUserByName" time="0.615"/>
  <testcase classname="api.test.DDTests" name="testDeleteUserByName" time="0.615"/>
  <testcase classname="api.test.DDTests" name="testDeleteUserByName" time="0.591"/>
</testsuite> <!-- Default test -->
