<?xml version="1.0" encoding="UTF-8"?>
<!-- Generated by org.testng.reporters.JUnitXMLReporter -->
<testsuite ignored="0" hostname="LAPTOP-4PCOUT3C" failures="0" tests="4" name="Test" time="7.87" errors="0" timestamp="2024-03-25T12:30:48 CET">
  <testcase classname="api.test.UserTests" name="testPostUser" time="3.457"/>
  <testcase classname="api.test.UserTests" name="testGetUserByName" time="1.046"/>
  <testcase classname="api.test.UserTests" name="testUpdateUserByName" time="1.935"/>
  <testcase classname="api.test.UserTests" name="testDeleteUserByName" time="0.905"/>
</testsuite> <!-- Test -->
