<?xml version="1.0" encoding="UTF-8"?>
<testng-results ignored="0" total="18" passed="18" failed="0" skipped="0">
  <reporter-output>
  </reporter-output>
  <suite started-at="2024-03-30T06:51:21 CET" name="PetSuite" finished-at="2024-03-30T06:51:38 CET" duration-ms="16213">
    <groups>
    </groups>
    <test started-at="2024-03-30T06:51:21 CET" name="PetTests" finished-at="2024-03-30T06:51:38 CET" duration-ms="16213">
      <class name="api.test.UserTests">
        <test-method is-config="true" signature="setupData()[pri:0, instance:api.test.UserTests@47af7f3d]" started-at="2024-03-30T06:51:22 CET" name="setupData" finished-at="2024-03-30T06:51:23 CET" duration-ms="834" status="PASS">
          <reporter-output>
          </reporter-output>
        </test-method> <!-- setupData -->
        <test-method signature="testPostUser()[pri:1, instance:api.test.UserTests@47af7f3d]" started-at="2024-03-30T06:51:23 CET" name="testPostUser" finished-at="2024-03-30T06:51:25 CET" duration-ms="2307" status="PASS">
          <reporter-output>
          </reporter-output>
        </test-method> <!-- testPostUser -->
        <test-method signature="testGetUserByName()[pri:2, instance:api.test.UserTests@47af7f3d]" started-at="2024-03-30T06:51:25 CET" name="testGetUserByName" finished-at="2024-03-30T06:51:26 CET" duration-ms="632" status="PASS">
          <reporter-output>
          </reporter-output>
        </test-method> <!-- testGetUserByName -->
        <test-method signature="testUpdateUserByName()[pri:3, instance:api.test.UserTests@47af7f3d]" started-at="2024-03-30T06:51:26 CET" name="testUpdateUserByName" finished-at="2024-03-30T06:51:27 CET" duration-ms="1239" status="PASS">
          <reporter-output>
          </reporter-output>
        </test-method> <!-- testUpdateUserByName -->
        <test-method signature="testDeleteUserByName()[pri:4, instance:api.test.UserTests@47af7f3d]" started-at="2024-03-30T06:51:27 CET" name="testDeleteUserByName" finished-at="2024-03-30T06:51:27 CET" duration-ms="623" status="PASS">
          <reporter-output>
          </reporter-output>
        </test-method> <!-- testDeleteUserByName -->
      </class> <!-- api.test.UserTests -->
      <class name="api.test.DDTests">
        <test-method signature="testPostUser([Ljava.lang.String;)[pri:1, instance:api.test.DDTests@4567f35d]" started-at="2024-03-30T06:51:29 CET" name="testPostUser" data-provider="Data" finished-at="2024-03-30T06:51:29 CET" duration-ms="594" status="PASS">
          <params>
            <param index="0">
              <value>
                <![CDATA[[Ljava.lang.String;@7d836c4a]]>
              </value>
            </param>
          </params>
          <reporter-output>
          </reporter-output>
        </test-method> <!-- testPostUser -->
        <test-method signature="testPostUser([Ljava.lang.String;)[pri:1, instance:api.test.DDTests@4567f35d]" started-at="2024-03-30T06:51:29 CET" name="testPostUser" data-provider="Data" finished-at="2024-03-30T06:51:30 CET" duration-ms="626" status="PASS">
          <params>
            <param index="0">
              <value>
                <![CDATA[[Ljava.lang.String;@4a225014]]>
              </value>
            </param>
          </params>
          <reporter-output>
          </reporter-output>
        </test-method> <!-- testPostUser -->
        <test-method signature="testPostUser([Ljava.lang.String;)[pri:1, instance:api.test.DDTests@4567f35d]" started-at="2024-03-30T06:51:30 CET" name="testPostUser" data-provider="Data" finished-at="2024-03-30T06:51:31 CET" duration-ms="635" status="PASS">
          <params>
            <param index="0">
              <value>
                <![CDATA[[Ljava.lang.String;@16269ff4]]>
              </value>
            </param>
          </params>
          <reporter-output>
          </reporter-output>
        </test-method> <!-- testPostUser -->
        <test-method signature="testPostUser([Ljava.lang.String;)[pri:1, instance:api.test.DDTests@4567f35d]" started-at="2024-03-30T06:51:31 CET" name="testPostUser" data-provider="Data" finished-at="2024-03-30T06:51:31 CET" duration-ms="614" status="PASS">
          <params>
            <param index="0">
              <value>
                <![CDATA[[Ljava.lang.String;@684bfba9]]>
              </value>
            </param>
          </params>
          <reporter-output>
          </reporter-output>
        </test-method> <!-- testPostUser -->
        <test-method signature="testPostUser([Ljava.lang.String;)[pri:1, instance:api.test.DDTests@4567f35d]" started-at="2024-03-30T06:51:31 CET" name="testPostUser" data-provider="Data" finished-at="2024-03-30T06:51:32 CET" duration-ms="601" status="PASS">
          <params>
            <param index="0">
              <value>
                <![CDATA[[Ljava.lang.String;@6859bbd4]]>
              </value>
            </param>
          </params>
          <reporter-output>
          </reporter-output>
        </test-method> <!-- testPostUser -->
        <test-method signature="testPostUser([Ljava.lang.String;)[pri:1, instance:api.test.DDTests@4567f35d]" started-at="2024-03-30T06:51:32 CET" name="testPostUser" data-provider="Data" finished-at="2024-03-30T06:51:33 CET" duration-ms="607" status="PASS">
          <params>
            <param index="0">
              <value>
                <![CDATA[[Ljava.lang.String;@485547ac]]>
              </value>
            </param>
          </params>
          <reporter-output>
          </reporter-output>
        </test-method> <!-- testPostUser -->
        <test-method signature="testPostUser([Ljava.lang.String;)[pri:1, instance:api.test.DDTests@4567f35d]" started-at="2024-03-30T06:51:33 CET" name="testPostUser" data-provider="Data" finished-at="2024-03-30T06:51:33 CET" duration-ms="626" status="PASS">
          <params>
            <param index="0">
              <value>
                <![CDATA[[Ljava.lang.String;@6f9b5f01]]>
              </value>
            </param>
          </params>
          <reporter-output>
          </reporter-output>
        </test-method> <!-- testPostUser -->
        <test-method signature="testDeleteUserByName(java.lang.String)[pri:2, instance:api.test.DDTests@4567f35d]" started-at="2024-03-30T06:51:33 CET" name="testDeleteUserByName" data-provider="UserNames" finished-at="2024-03-30T06:51:34 CET" duration-ms="593" status="PASS">
          <params>
            <param index="0">
              <value>
                <![CDATA[testuser1]]>
              </value>
            </param>
          </params>
          <reporter-output>
          </reporter-output>
        </test-method> <!-- testDeleteUserByName -->
        <test-method signature="testDeleteUserByName(java.lang.String)[pri:2, instance:api.test.DDTests@4567f35d]" started-at="2024-03-30T06:51:34 CET" name="testDeleteUserByName" data-provider="UserNames" finished-at="2024-03-30T06:51:35 CET" duration-ms="608" status="PASS">
          <params>
            <param index="0">
              <value>
                <![CDATA[testuser2]]>
              </value>
            </param>
          </params>
          <reporter-output>
          </reporter-output>
        </test-method> <!-- testDeleteUserByName -->
        <test-method signature="testDeleteUserByName(java.lang.String)[pri:2, instance:api.test.DDTests@4567f35d]" started-at="2024-03-30T06:51:35 CET" name="testDeleteUserByName" data-provider="UserNames" finished-at="2024-03-30T06:51:35 CET" duration-ms="606" status="PASS">
          <params>
            <param index="0">
              <value>
                <![CDATA[testuser3]]>
              </value>
            </param>
          </params>
          <reporter-output>
          </reporter-output>
        </test-method> <!-- testDeleteUserByName -->
        <test-method signature="testDeleteUserByName(java.lang.String)[pri:2, instance:api.test.DDTests@4567f35d]" started-at="2024-03-30T06:51:35 CET" name="testDeleteUserByName" data-provider="UserNames" finished-at="2024-03-30T06:51:36 CET" duration-ms="642" status="PASS">
          <params>
            <param index="0">
              <value>
                <![CDATA[testuser4]]>
              </value>
            </param>
          </params>
          <reporter-output>
          </reporter-output>
        </test-method> <!-- testDeleteUserByName -->
        <test-method signature="testDeleteUserByName(java.lang.String)[pri:2, instance:api.test.DDTests@4567f35d]" started-at="2024-03-30T06:51:36 CET" name="testDeleteUserByName" data-provider="UserNames" finished-at="2024-03-30T06:51:36 CET" duration-ms="616" status="PASS">
          <params>
            <param index="0">
              <value>
                <![CDATA[testuser5]]>
              </value>
            </param>
          </params>
          <reporter-output>
          </reporter-output>
        </test-method> <!-- testDeleteUserByName -->
        <test-method signature="testDeleteUserByName(java.lang.String)[pri:2, instance:api.test.DDTests@4567f35d]" started-at="2024-03-30T06:51:36 CET" name="testDeleteUserByName" data-provider="UserNames" finished-at="2024-03-30T06:51:37 CET" duration-ms="600" status="PASS">
          <params>
            <param index="0">
              <value>
                <![CDATA[testuser6]]>
              </value>
            </param>
          </params>
          <reporter-output>
          </reporter-output>
        </test-method> <!-- testDeleteUserByName -->
        <test-method signature="testDeleteUserByName(java.lang.String)[pri:2, instance:api.test.DDTests@4567f35d]" started-at="2024-03-30T06:51:37 CET" name="testDeleteUserByName" data-provider="UserNames" finished-at="2024-03-30T06:51:38 CET" duration-ms="595" status="PASS">
          <params>
            <param index="0">
              <value>
                <![CDATA[testuser7]]>
              </value>
            </param>
          </params>
          <reporter-output>
          </reporter-output>
        </test-method> <!-- testDeleteUserByName -->
      </class> <!-- api.test.DDTests -->
    </test> <!-- PetTests -->
  </suite> <!-- PetSuite -->
</testng-results>
