<?xml version="1.0" encoding="UTF-8"?>
<!-- Generated by org.testng.reporters.JUnitXMLReporter -->
<testsuite ignored="0" hostname="LAPTOP-4PCOUT3C" failures="0" tests="18" name="PetTests" time="16.213" errors="0" timestamp="2024-03-30T06:51:38 CET">
  <testcase classname="api.test.UserTests" name="testPostUser" time="2.307"/>
  <testcase classname="api.test.UserTests" name="testGetUserByName" time="0.632"/>
  <testcase classname="api.test.UserTests" name="testUpdateUserByName" time="1.239"/>
  <testcase classname="api.test.UserTests" name="testDeleteUserByName" time="0.623"/>
  <testcase classname="api.test.DDTests" name="testPostUser" time="0.594"/>
  <testcase classname="api.test.DDTests" name="testPostUser" time="0.626"/>
  <testcase classname="api.test.DDTests" name="testPostUser" time="0.635"/>
  <testcase classname="api.test.DDTests" name="testPostUser" time="0.614"/>
  <testcase classname="api.test.DDTests" name="testPostUser" time="0.601"/>
  <testcase classname="api.test.DDTests" name="testPostUser" time="0.607"/>
  <testcase classname="api.test.DDTests" name="testPostUser" time="0.626"/>
  <testcase classname="api.test.DDTests" name="testDeleteUserByName" time="0.593"/>
  <testcase classname="api.test.DDTests" name="testDeleteUserByName" time="0.608"/>
  <testcase classname="api.test.DDTests" name="testDeleteUserByName" time="0.606"/>
  <testcase classname="api.test.DDTests" name="testDeleteUserByName" time="0.642"/>
  <testcase classname="api.test.DDTests" name="testDeleteUserByName" time="0.616"/>
  <testcase classname="api.test.DDTests" name="testDeleteUserByName" time="0.6"/>
  <testcase classname="api.test.DDTests" name="testDeleteUserByName" time="0.595"/>
</testsuite> <!-- PetTests -->
